   273	Zachary Rice
   129	zricethezav
   116	zach rice
   108	Richard Gomez
    13	Zach
    12	Cristhian Amaya
    12	Peter Gallagher
    12	Zachary
    10	Roger Meier
     9	Baruch Odem (Rothkoff)
     9	Ben-grmbl
     8	Oleksandr Redko
     8	Zach Rice
     5	Eduardo Argollo
     4	Adam Kobi
     4	Anant Pathak
     4	Craig Smith
     4	Eric Ripa
     4	Matthew E. Grahlman
     4	Ramon
     4	bplaxco
     4	foolioo
     3	Becojo
     3	Dirk Pahl
     3	Joost Voskuil
     3	Malte Morgenstern
     3	Milo Minderbinder
     3	Noel Algora
     3	Raphael ATALLAH
     3	Rui Chen
     3	SADIK KUZU
     3	Savely Krasovsky
     3	Ziyaddin Sadigov
     3	amith-legit
     3	arjunyel
     3	boris
     3	sergiomarotco
     3	wayne-snyk
     2	Akash Chandwani
     2	Andrzej Amghar
     2	Carlos Pereira
     2	Cassio Berra
     2	Dewan Ishtiaque Ahmed
     2	Dustin Shimono
     2	Fabian Helfert
     2	Florian Greinacher
     2	Ido Markovitz
     2	Jesús Marín
     2	Kai
     2	Kashif Khan
     2	Keiran Sweet
     2	Lars Lehtonen
     2	Les Aker
     2	Lucas Alcântara
     2	Pavel Shklovsky
     2	Paweł Gawinek
     2	Rebecca Turner
     2	Shawn Smith
     2	Steeve Barbeau
     2	Victor Dorneanu
     2	Warren Parad
     2	ahrav
     2	anotherbridge
     2	eyalatox
     2	rui
     2	very-doge-wow
     2	zcong1993
     1	0xn3va
     1	Adam Moss
     1	Adam Shannon
     1	AislingHPE
     1	Alex
     1	Alex Goncharov
     1	Alex Pliutau
     1	Alexander Curtiss
     1	Alexandre GUIOT--VALENTIN
     1	AmitHofree
     1	Andrew
     1	Anton Postov
     1	Arbaz Hussain
     1	Aris Zagakos
     1	Ben Randall
     1	Bert Coppens
     1	Brandon Welsch
     1	Bryce Thuilot
     1	C.J. May
     1	Caleb Jasik
     1	Carlos Alexandro Becker
     1	Chris Wolf
     1	Christian Groschupp
     1	Christophe Goessen
     1	Daniel Bos
     1	Daniel Grimm
     1	Daniel Paul Searles
     1	Dariusz Porowski
     1	David Mateo
     1	Dimitri Vasdekis
     1	Dirkjan Bussink
     1	Dmitry Ivanov
     1	Don C. Bigler
     1	Eddie Austin
     1	Edward Wang
     1	Eli Schleifer
     1	Emma Sax
     1	Eng Zer Jun
     1	Equinox
     1	Eugene Piven
     1	Fabian Kirschner
     1	Frank
     1	Furkan Türkal
     1	Gaige B Paulsen
     1	Gawan Schroeder
     1	Gian Miguel Del Mundo
     1	Greg Johnson
     1	Greg Myers
     1	Hugh Saunders
     1	Ian Mckay
     1	Ian Moroney
     1	Ido-DY
     1	Isaac Dawson
     1	Ivan Kalita
     1	Ixl123
     1	Jacob Cofman
     1	Jan-Otto Kröpke
     1	Jannik Hollenbach
     1	Jarek Porzucek
     1	Jasper Boeijenga
     1	João Filipe Silva
     1	Joël COSTAMAGNA
     1	Juan C. Mancebo
     1	Katrin Leinweber
     1	Kenichi Kamiya
     1	Kieran Smith
     1	Leon
     1	Liron Biam
     1	Loïc Bourgois
     1	Luca Regne
     1	Lucas Charles
     1	Luis Pollo
     1	M.Hassan Yousaf
     1	Manas Bellani
     1	Manuel Jeckelmann
     1	Marlon Pina Tojal
     1	Matjaž Domen Pečan
     1	Matt Bartel
     1	Matthias Derer
     1	MaxymVlasov
     1	Michael Henriksen
     1	Michael Jarvis
     1	Nejc Habjan
     1	Nenad Stojanovikj
     1	Nicholas
     1	Nick Nungester
     1	Nick Russler
     1	Norman Soetbeer
     1	Norman Ziegner
     1	Oscar Blanco
     1	Paulo Correia
     1	Paweł Kowalczyk
     1	Pepe Bawagan
     1	Peter Benjamin
     1	Peter Gallagher999
     1	Piotr Idzik
     1	Prabhu Subramanian
     1	Radoslaw Wesolowski
     1	Rafael Figueiredo
     1	Rahul sharma
     1	ReRetriever
     1	Ricardo Zandonai
     1	Ricky Grassmuck
     1	Rod Elias
     1	Romain Barissat
     1	Ryan O’Hara
     1	Samuel Mortenson
     1	Sandeep Bhat
     1	SimonGurney
     1	Taiki Ono
     1	Tomasz Wierzchowski
     1	Tomy Guichard
     1	Tox
     1	William Bille Meyling
     1	Yeonghae Choi
     1	Zach Stone
     1	Zane Durkin
     1	Zeyshi
     1	aeongdesu
     1	alexgit2k
     1	almaz045
     1	amanda-friesen
     1	b-abderrahmane
     1	becojo
     1	dani
     1	danielap-ma
     1	dutchhaag
     1	ebrown
     1	eddie-northcutt-wfp0
     1	erikaweir
     1	h4r7w3l1
     1	icecream-monster
     1	jetexe
     1	jmatosgrafana
     1	madblobfish
     1	malmor
     1	mercuriete
     1	naoki kuroda
     1	naveen
     1	niklas-w7
     1	raffis
     1	recreator66
     1	rmdwe
     1	roma8389
     1	rotem-cider
     1	seb-elttam
     1	shahar4200
     1	wolframhaussig
